<?xml version="1.0" encoding="UTF-8"?>
<!-- Generated by org.testng.reporters.JUnitReportReporter -->
<testsuite hostname="TL1114" failures="0" tests="1" name="com.salesforce.testcases.TC_01" time="12.205" errors="0" timestamp="2025-09-18T11:54:07 IST" skipped="0">
  <testcase classname="com.salesforce.testcases.TC_01" name="runLogin" time="12.205"/>
  <system-out/>
</testsuite> <!-- com.salesforce.testcases.TC_01 -->
